<?xml version="1.0" encoding="UTF-8"?>
<!-- Generated by org.testng.reporters.JUnitXMLReporter -->
<testsuite ignored="0" hostname="C02HF793Q6L5" failures="1" tests="3" name="Error Validations Test" time="62.894" errors="0" timestamp="2023-04-25T18:50:07 IST">
  <testcase classname="Automation.tests.ErrorValidationsTest" name="LoginErrorValidation" time="3.618">
    <skipped/>
  </testcase> <!-- LoginErrorValidation -->
  <testcase classname="Automation.tests.ErrorValidationsTest" name="LoginErrorValidation" time="2.666">
    <failure type="java.lang.AssertionError" message="expected:&amp;lt;Incorrect email or password11.&amp;gt; but was:&amp;lt;Incorrect email or password.&amp;gt;">
      <![CDATA[java.lang.AssertionError: expected:<Incorrect email or password11.> but was:<Incorrect email or password.>
at Automation.tests.ErrorValidationsTest.LoginErrorValidation(ErrorValidationsTest.java:30)
at java.base/java.util.ArrayList.forEach(ArrayList.java:1540)
at java.base/java.util.concurrent.FutureTask.run(FutureTask.java:264)
at java.base/java.util.concurrent.ThreadPoolExecutor.runWorker(ThreadPoolExecutor.java:1128)
at java.base/java.util.concurrent.ThreadPoolExecutor$Worker.run(ThreadPoolExecutor.java:628)
at java.base/java.lang.Thread.run(Thread.java:834)
... Removed 19 stack frames]]>
    </failure>
  </testcase> <!-- LoginErrorValidation -->
  <testcase classname="Automation.tests.ErrorValidationsTest" name="ProductErrorValidation" time="9.891"/>
</testsuite> <!-- Error Validations Test -->
